Testcase 1 : AC, Runtime = 13ms.
Testcase 2 : AC, Runtime = 12ms.
Testcase 3 : AC, Runtime = 12ms.
Testcase 4 : AC, Runtime = 12ms.
Testcase 5 : AC, Runtime = 11ms.
Testcase 6 : AC, Runtime = 12ms.
Testcase 7 : AC, Runtime = 12ms.
Testcase 8 : AC, Runtime = 11ms.
Testcase 9 : AC, Runtime = 12ms.
Testcase 10 : AC, Runtime = 12ms.
Testcase 11 : AC, Runtime = 12ms.
Testcase 12 : AC, Runtime = 12ms.
Testcase 13 : AC, Runtime = 10ms.
Testcase 14 : AC, Runtime = 12ms.
Testcase 15 : AC, Runtime = 12ms.
Testcase 16 : AC, Runtime = 10ms.
Testcase 17 : AC, Runtime = 12ms.
Testcase 18 : AC, Runtime = 12ms.
Testcase 19 : AC, Runtime = 10ms.
Testcase 20 : AC, Runtime = 12ms.
Testcase 21 : AC, Runtime = 11ms.
Testcase 22 : AC, Runtime = 12ms.
Testcase 23 : AC, Runtime = 12ms.
Testcase 24 : AC, Runtime = 11ms.
Testcase 25 : AC, Runtime = 12ms.
Testcase 26 : AC, Runtime = 11ms.
Testcase 27 : AC, Runtime = 12ms.
Testcase 28 : AC, Runtime = 11ms.
Testcase 29 : AC, Runtime = 12ms.
Testcase 30 : AC, Runtime = 12ms.
Testcase 31 : AC, Runtime = 12ms.
Testcase 32 : AC, Runtime = 12ms.
Testcase 33 : AC, Runtime = 12ms.
Testcase 34 : AC, Runtime = 12ms.
Testcase 35 : AC, Runtime = 12ms.
Testcase 36 : AC, Runtime = 12ms.
Total results :
AC : 36 / 36
WA : 0 / 36
TLE : 0 / 36
TLE(AC) : 0 / 36
TLE(WA) : 0 / 36
ERROR : 0 / 36
